{"C:\\Users\\skate\\hianime\\content.js": {"path":"C:\\Users\\skate\\hianime\\content.js","statementMap":{"0":{"start":{"line":4,"column":0},"end":{"line":313,"column":5}},"1":{"start":{"line":7,"column":18},"end":{"line":7,"column":22}},"2":{"start":{"line":8,"column":18},"end":{"line":8,"column":22}},"3":{"start":{"line":9,"column":21},"end":{"line":9,"column":25}},"4":{"start":{"line":10,"column":31},"end":{"line":10,"column":36}},"5":{"start":{"line":13,"column":4},"end":{"line":15,"column":5}},"6":{"start":{"line":14,"column":6},"end":{"line":14,"column":47}},"7":{"start":{"line":21,"column":22},"end":{"line":27,"column":5}},"8":{"start":{"line":29,"column":4},"end":{"line":35,"column":5}},"9":{"start":{"line":30,"column":22},"end":{"line":30,"column":54}},"10":{"start":{"line":31,"column":6},"end":{"line":34,"column":7}},"11":{"start":{"line":32,"column":8},"end":{"line":32,"column":46}},"12":{"start":{"line":33,"column":8},"end":{"line":33,"column":23}},"13":{"start":{"line":36,"column":4},"end":{"line":36,"column":16}},"14":{"start":{"line":41,"column":4},"end":{"line":44,"column":5}},"15":{"start":{"line":42,"column":6},"end":{"line":42,"column":38}},"16":{"start":{"line":43,"column":6},"end":{"line":43,"column":13}},"17":{"start":{"line":47,"column":34},"end":{"line":52,"column":5}},"18":{"start":{"line":54,"column":4},"end":{"line":58,"column":5}},"19":{"start":{"line":55,"column":6},"end":{"line":55,"column":71}},"20":{"start":{"line":56,"column":6},"end":{"line":56,"column":36}},"21":{"start":{"line":57,"column":6},"end":{"line":57,"column":13}},"22":{"start":{"line":60,"column":4},"end":{"line":60,"column":47}},"23":{"start":{"line":63,"column":32},"end":{"line":70,"column":5}},"24":{"start":{"line":72,"column":24},"end":{"line":72,"column":28}},"25":{"start":{"line":73,"column":4},"end":{"line":79,"column":5}},"26":{"start":{"line":74,"column":6},"end":{"line":74,"column":55}},"27":{"start":{"line":75,"column":6},"end":{"line":78,"column":7}},"28":{"start":{"line":76,"column":8},"end":{"line":76,"column":50}},"29":{"start":{"line":77,"column":8},"end":{"line":77,"column":14}},"30":{"start":{"line":81,"column":4},"end":{"line":123,"column":5}},"31":{"start":{"line":82,"column":6},"end":{"line":82,"column":40}},"32":{"start":{"line":83,"column":6},"end":{"line":83,"column":28}},"33":{"start":{"line":84,"column":6},"end":{"line":84,"column":36}},"34":{"start":{"line":87,"column":20},"end":{"line":87,"column":37}},"35":{"start":{"line":88,"column":29},"end":{"line":88,"column":85}},"36":{"start":{"line":89,"column":28},"end":{"line":89,"column":51}},"37":{"start":{"line":91,"column":6},"end":{"line":122,"column":7}},"38":{"start":{"line":92,"column":8},"end":{"line":92,"column":70}},"39":{"start":{"line":95,"column":34},"end":{"line":97,"column":9}},"40":{"start":{"line":99,"column":8},"end":{"line":119,"column":9}},"41":{"start":{"line":100,"column":10},"end":{"line":116,"column":11}},"42":{"start":{"line":101,"column":12},"end":{"line":106,"column":15}},"43":{"start":{"line":102,"column":14},"end":{"line":102,"column":51}},"44":{"start":{"line":103,"column":14},"end":{"line":103,"column":44}},"45":{"start":{"line":105,"column":14},"end":{"line":105,"column":61}},"46":{"start":{"line":107,"column":17},"end":{"line":116,"column":11}},"47":{"start":{"line":108,"column":12},"end":{"line":108,"column":49}},"48":{"start":{"line":109,"column":12},"end":{"line":109,"column":42}},"49":{"start":{"line":110,"column":17},"end":{"line":116,"column":11}},"50":{"start":{"line":111,"column":12},"end":{"line":111,"column":52}},"51":{"start":{"line":112,"column":12},"end":{"line":112,"column":42}},"52":{"start":{"line":113,"column":17},"end":{"line":116,"column":11}},"53":{"start":{"line":114,"column":12},"end":{"line":114,"column":48}},"54":{"start":{"line":115,"column":12},"end":{"line":115,"column":42}},"55":{"start":{"line":118,"column":10},"end":{"line":118,"column":59}},"56":{"start":{"line":121,"column":8},"end":{"line":121,"column":64}},"57":{"start":{"line":128,"column":18},"end":{"line":128,"column":35}},"58":{"start":{"line":129,"column":4},"end":{"line":129,"column":23}},"59":{"start":{"line":129,"column":16},"end":{"line":129,"column":23}},"60":{"start":{"line":131,"column":23},"end":{"line":131,"column":52}},"61":{"start":{"line":133,"column":4},"end":{"line":142,"column":5}},"62":{"start":{"line":134,"column":6},"end":{"line":134,"column":67}},"63":{"start":{"line":135,"column":6},"end":{"line":135,"column":32}},"64":{"start":{"line":136,"column":6},"end":{"line":136,"column":37}},"65":{"start":{"line":139,"column":6},"end":{"line":141,"column":15}},"66":{"start":{"line":140,"column":8},"end":{"line":140,"column":28}},"67":{"start":{"line":147,"column":4},"end":{"line":147,"column":37}},"68":{"start":{"line":149,"column":4},"end":{"line":153,"column":5}},"69":{"start":{"line":150,"column":6},"end":{"line":152,"column":14}},"70":{"start":{"line":151,"column":8},"end":{"line":151,"column":28}},"71":{"start":{"line":158,"column":21},"end":{"line":170,"column":6}},"72":{"start":{"line":159,"column":6},"end":{"line":169,"column":7}},"73":{"start":{"line":160,"column":8},"end":{"line":168,"column":9}},"74":{"start":{"line":161,"column":24},"end":{"line":161,"column":41}},"75":{"start":{"line":162,"column":10},"end":{"line":167,"column":11}},"76":{"start":{"line":163,"column":12},"end":{"line":163,"column":59}},"77":{"start":{"line":164,"column":12},"end":{"line":164,"column":64}},"78":{"start":{"line":165,"column":12},"end":{"line":165,"column":40}},"79":{"start":{"line":166,"column":12},"end":{"line":166,"column":34}},"80":{"start":{"line":172,"column":4},"end":{"line":175,"column":7}},"81":{"start":{"line":180,"column":4},"end":{"line":180,"column":51}},"82":{"start":{"line":181,"column":4},"end":{"line":181,"column":35}},"83":{"start":{"line":184,"column":26},"end":{"line":186,"column":11}},"84":{"start":{"line":185,"column":6},"end":{"line":185,"column":28}},"85":{"start":{"line":189,"column":4},"end":{"line":192,"column":14}},"86":{"start":{"line":190,"column":6},"end":{"line":190,"column":35}},"87":{"start":{"line":191,"column":6},"end":{"line":191,"column":50}},"88":{"start":{"line":197,"column":4},"end":{"line":197,"column":48}},"89":{"start":{"line":198,"column":4},"end":{"line":198,"column":50}},"90":{"start":{"line":199,"column":4},"end":{"line":202,"column":7}},"91":{"start":{"line":200,"column":6},"end":{"line":200,"column":35}},"92":{"start":{"line":201,"column":6},"end":{"line":201,"column":28}},"93":{"start":{"line":203,"column":4},"end":{"line":206,"column":7}},"94":{"start":{"line":204,"column":6},"end":{"line":204,"column":32}},"95":{"start":{"line":205,"column":6},"end":{"line":205,"column":28}},"96":{"start":{"line":207,"column":4},"end":{"line":210,"column":7}},"97":{"start":{"line":208,"column":6},"end":{"line":208,"column":33}},"98":{"start":{"line":209,"column":6},"end":{"line":209,"column":28}},"99":{"start":{"line":215,"column":29},"end":{"line":220,"column":5}},"100":{"start":{"line":222,"column":4},"end":{"line":239,"column":7}},"101":{"start":{"line":223,"column":6},"end":{"line":238,"column":9}},"102":{"start":{"line":224,"column":29},"end":{"line":229,"column":9}},"103":{"start":{"line":231,"column":8},"end":{"line":231,"column":78}},"104":{"start":{"line":234,"column":8},"end":{"line":237,"column":9}},"105":{"start":{"line":235,"column":10},"end":{"line":235,"column":41}},"106":{"start":{"line":236,"column":10},"end":{"line":236,"column":82}},"107":{"start":{"line":243,"column":16},"end":{"line":243,"column":29}},"108":{"start":{"line":245,"column":23},"end":{"line":245,"column":36}},"109":{"start":{"line":246,"column":4},"end":{"line":266,"column":5}},"110":{"start":{"line":247,"column":6},"end":{"line":247,"column":53}},"111":{"start":{"line":248,"column":6},"end":{"line":248,"column":27}},"112":{"start":{"line":252,"column":27},"end":{"line":257,"column":7}},"113":{"start":{"line":259,"column":6},"end":{"line":261,"column":7}},"114":{"start":{"line":260,"column":8},"end":{"line":260,"column":39}},"115":{"start":{"line":262,"column":6},"end":{"line":262,"column":26}},"116":{"start":{"line":265,"column":6},"end":{"line":265,"column":29}},"117":{"start":{"line":271,"column":4},"end":{"line":271,"column":48}},"118":{"start":{"line":273,"column":18},"end":{"line":273,"column":35}},"119":{"start":{"line":274,"column":4},"end":{"line":277,"column":5}},"120":{"start":{"line":275,"column":6},"end":{"line":275,"column":34}},"121":{"start":{"line":276,"column":6},"end":{"line":276,"column":58}},"122":{"start":{"line":280,"column":4},"end":{"line":283,"column":13}},"123":{"start":{"line":281,"column":6},"end":{"line":281,"column":28}},"124":{"start":{"line":282,"column":6},"end":{"line":282,"column":23}},"125":{"start":{"line":285,"column":4},"end":{"line":285,"column":28}},"126":{"start":{"line":286,"column":4},"end":{"line":286,"column":29}},"127":{"start":{"line":290,"column":2},"end":{"line":295,"column":5}},"128":{"start":{"line":291,"column":4},"end":{"line":293,"column":5}},"129":{"start":{"line":292,"column":6},"end":{"line":292,"column":33}},"130":{"start":{"line":294,"column":4},"end":{"line":294,"column":47}},"131":{"start":{"line":298,"column":2},"end":{"line":303,"column":5}},"132":{"start":{"line":299,"column":4},"end":{"line":302,"column":5}},"133":{"start":{"line":300,"column":6},"end":{"line":300,"column":43}},"134":{"start":{"line":301,"column":6},"end":{"line":301,"column":49}},"135":{"start":{"line":306,"column":2},"end":{"line":310,"column":3}},"136":{"start":{"line":307,"column":4},"end":{"line":307,"column":56}},"137":{"start":{"line":309,"column":4},"end":{"line":309,"column":11}},"138":{"start":{"line":312,"column":2},"end":{"line":312,"column":31}}},"fnMap":{"0":{"name":"(anonymous_0)","decl":{"start":{"line":4,"column":1},"end":{"line":4,"column":2}},"loc":{"start":{"line":4,"column":12},"end":{"line":313,"column":1}},"line":4},"1":{"name":"log","decl":{"start":{"line":12,"column":11},"end":{"line":12,"column":14}},"loc":{"start":{"line":12,"column":24},"end":{"line":16,"column":3}},"line":12},"2":{"name":"findVideoPlayer","decl":{"start":{"line":19,"column":11},"end":{"line":19,"column":26}},"loc":{"start":{"line":19,"column":29},"end":{"line":37,"column":3}},"line":19},"3":{"name":"triggerFullscreen","decl":{"start":{"line":40,"column":11},"end":{"line":40,"column":28}},"loc":{"start":{"line":40,"column":31},"end":{"line":124,"column":3}},"line":40},"4":{"name":"(anonymous_4)","decl":{"start":{"line":101,"column":68},"end":{"line":101,"column":69}},"loc":{"start":{"line":101,"column":74},"end":{"line":104,"column":13}},"line":101},"5":{"name":"(anonymous_5)","decl":{"start":{"line":104,"column":21},"end":{"line":104,"column":22}},"loc":{"start":{"line":104,"column":28},"end":{"line":106,"column":13}},"line":104},"6":{"name":"onVideoSourceChange","decl":{"start":{"line":127,"column":11},"end":{"line":127,"column":30}},"loc":{"start":{"line":127,"column":33},"end":{"line":143,"column":3}},"line":127},"7":{"name":"(anonymous_7)","decl":{"start":{"line":139,"column":17},"end":{"line":139,"column":18}},"loc":{"start":{"line":139,"column":23},"end":{"line":141,"column":7}},"line":139},"8":{"name":"onVideoPlay","decl":{"start":{"line":146,"column":11},"end":{"line":146,"column":22}},"loc":{"start":{"line":146,"column":25},"end":{"line":154,"column":3}},"line":146},"9":{"name":"(anonymous_9)","decl":{"start":{"line":150,"column":17},"end":{"line":150,"column":18}},"loc":{"start":{"line":150,"column":23},"end":{"line":152,"column":7}},"line":150},"10":{"name":"setupMutationObserver","decl":{"start":{"line":157,"column":11},"end":{"line":157,"column":32}},"loc":{"start":{"line":157,"column":35},"end":{"line":176,"column":3}},"line":157},"11":{"name":"(anonymous_11)","decl":{"start":{"line":158,"column":42},"end":{"line":158,"column":43}},"loc":{"start":{"line":158,"column":57},"end":{"line":170,"column":5}},"line":158},"12":{"name":"onVideoEnded","decl":{"start":{"line":179,"column":11},"end":{"line":179,"column":23}},"loc":{"start":{"line":179,"column":26},"end":{"line":193,"column":3}},"line":179},"13":{"name":"(anonymous_13)","decl":{"start":{"line":184,"column":38},"end":{"line":184,"column":39}},"loc":{"start":{"line":184,"column":44},"end":{"line":186,"column":5}},"line":184},"14":{"name":"(anonymous_14)","decl":{"start":{"line":189,"column":15},"end":{"line":189,"column":16}},"loc":{"start":{"line":189,"column":21},"end":{"line":192,"column":5}},"line":189},"15":{"name":"attachVideoListeners","decl":{"start":{"line":196,"column":11},"end":{"line":196,"column":31}},"loc":{"start":{"line":196,"column":39},"end":{"line":211,"column":3}},"line":196},"16":{"name":"(anonymous_16)","decl":{"start":{"line":199,"column":45},"end":{"line":199,"column":46}},"loc":{"start":{"line":199,"column":51},"end":{"line":202,"column":5}},"line":199},"17":{"name":"(anonymous_17)","decl":{"start":{"line":203,"column":40},"end":{"line":203,"column":41}},"loc":{"start":{"line":203,"column":46},"end":{"line":206,"column":5}},"line":203},"18":{"name":"(anonymous_18)","decl":{"start":{"line":207,"column":38},"end":{"line":207,"column":39}},"loc":{"start":{"line":207,"column":44},"end":{"line":210,"column":5}},"line":207},"19":{"name":"setupFullscreenMonitor","decl":{"start":{"line":214,"column":11},"end":{"line":214,"column":33}},"loc":{"start":{"line":214,"column":36},"end":{"line":240,"column":3}},"line":214},"20":{"name":"(anonymous_20)","decl":{"start":{"line":222,"column":29},"end":{"line":222,"column":30}},"loc":{"start":{"line":222,"column":42},"end":{"line":239,"column":5}},"line":222},"21":{"name":"(anonymous_21)","decl":{"start":{"line":223,"column":43},"end":{"line":223,"column":44}},"loc":{"start":{"line":223,"column":49},"end":{"line":238,"column":7}},"line":223},"22":{"name":"checkUrlChange","decl":{"start":{"line":244,"column":11},"end":{"line":244,"column":25}},"loc":{"start":{"line":244,"column":28},"end":{"line":267,"column":3}},"line":244},"23":{"name":"init","decl":{"start":{"line":270,"column":11},"end":{"line":270,"column":15}},"loc":{"start":{"line":270,"column":18},"end":{"line":287,"column":3}},"line":270},"24":{"name":"(anonymous_24)","decl":{"start":{"line":280,"column":16},"end":{"line":280,"column":17}},"loc":{"start":{"line":280,"column":22},"end":{"line":283,"column":5}},"line":280},"25":{"name":"(anonymous_25)","decl":{"start":{"line":290,"column":41},"end":{"line":290,"column":42}},"loc":{"start":{"line":290,"column":53},"end":{"line":295,"column":3}},"line":290},"26":{"name":"(anonymous_26)","decl":{"start":{"line":298,"column":40},"end":{"line":298,"column":41}},"loc":{"start":{"line":298,"column":53},"end":{"line":303,"column":3}},"line":298}},"branchMap":{"0":{"loc":{"start":{"line":13,"column":4},"end":{"line":15,"column":5}},"type":"if","locations":[{"start":{"line":13,"column":4},"end":{"line":15,"column":5}},{"start":{},"end":{}}],"line":13},"1":{"loc":{"start":{"line":31,"column":6},"end":{"line":34,"column":7}},"type":"if","locations":[{"start":{"line":31,"column":6},"end":{"line":34,"column":7}},{"start":{},"end":{}}],"line":31},"2":{"loc":{"start":{"line":41,"column":4},"end":{"line":44,"column":5}},"type":"if","locations":[{"start":{"line":41,"column":4},"end":{"line":44,"column":5}},{"start":{},"end":{}}],"line":41},"3":{"loc":{"start":{"line":48,"column":6},"end":{"line":51,"column":34}},"type":"binary-expr","locations":[{"start":{"line":48,"column":6},"end":{"line":48,"column":32}},{"start":{"line":49,"column":6},"end":{"line":49,"column":38}},{"start":{"line":50,"column":6},"end":{"line":50,"column":35}},{"start":{"line":51,"column":6},"end":{"line":51,"column":34}}],"line":48},"4":{"loc":{"start":{"line":54,"column":4},"end":{"line":58,"column":5}},"type":"if","locations":[{"start":{"line":54,"column":4},"end":{"line":58,"column":5}},{"start":{},"end":{}}],"line":54},"5":{"loc":{"start":{"line":75,"column":6},"end":{"line":78,"column":7}},"type":"if","locations":[{"start":{"line":75,"column":6},"end":{"line":78,"column":7}},{"start":{},"end":{}}],"line":75},"6":{"loc":{"start":{"line":81,"column":4},"end":{"line":123,"column":5}},"type":"if","locations":[{"start":{"line":81,"column":4},"end":{"line":123,"column":5}},{"start":{"line":85,"column":11},"end":{"line":123,"column":5}}],"line":81},"7":{"loc":{"start":{"line":88,"column":29},"end":{"line":88,"column":85}},"type":"binary-expr","locations":[{"start":{"line":88,"column":29},"end":{"line":88,"column":76}},{"start":{"line":88,"column":80},"end":{"line":88,"column":85}}],"line":88},"8":{"loc":{"start":{"line":89,"column":28},"end":{"line":89,"column":51}},"type":"binary-expr","locations":[{"start":{"line":89,"column":28},"end":{"line":89,"column":42}},{"start":{"line":89,"column":46},"end":{"line":89,"column":51}}],"line":89},"9":{"loc":{"start":{"line":91,"column":6},"end":{"line":122,"column":7}},"type":"if","locations":[{"start":{"line":91,"column":6},"end":{"line":122,"column":7}},{"start":{"line":120,"column":13},"end":{"line":122,"column":7}}],"line":91},"10":{"loc":{"start":{"line":100,"column":10},"end":{"line":116,"column":11}},"type":"if","locations":[{"start":{"line":100,"column":10},"end":{"line":116,"column":11}},{"start":{"line":107,"column":17},"end":{"line":116,"column":11}}],"line":100},"11":{"loc":{"start":{"line":107,"column":17},"end":{"line":116,"column":11}},"type":"if","locations":[{"start":{"line":107,"column":17},"end":{"line":116,"column":11}},{"start":{"line":110,"column":17},"end":{"line":116,"column":11}}],"line":107},"12":{"loc":{"start":{"line":110,"column":17},"end":{"line":116,"column":11}},"type":"if","locations":[{"start":{"line":110,"column":17},"end":{"line":116,"column":11}},{"start":{"line":113,"column":17},"end":{"line":116,"column":11}}],"line":110},"13":{"loc":{"start":{"line":113,"column":17},"end":{"line":116,"column":11}},"type":"if","locations":[{"start":{"line":113,"column":17},"end":{"line":116,"column":11}},{"start":{},"end":{}}],"line":113},"14":{"loc":{"start":{"line":129,"column":4},"end":{"line":129,"column":23}},"type":"if","locations":[{"start":{"line":129,"column":4},"end":{"line":129,"column":23}},{"start":{},"end":{}}],"line":129},"15":{"loc":{"start":{"line":131,"column":23},"end":{"line":131,"column":52}},"type":"binary-expr","locations":[{"start":{"line":131,"column":23},"end":{"line":131,"column":32}},{"start":{"line":131,"column":36},"end":{"line":131,"column":52}}],"line":131},"16":{"loc":{"start":{"line":133,"column":4},"end":{"line":142,"column":5}},"type":"if","locations":[{"start":{"line":133,"column":4},"end":{"line":142,"column":5}},{"start":{},"end":{}}],"line":133},"17":{"loc":{"start":{"line":133,"column":8},"end":{"line":133,"column":49}},"type":"binary-expr","locations":[{"start":{"line":133,"column":8},"end":{"line":133,"column":18}},{"start":{"line":133,"column":22},"end":{"line":133,"column":49}}],"line":133},"18":{"loc":{"start":{"line":149,"column":4},"end":{"line":153,"column":5}},"type":"if","locations":[{"start":{"line":149,"column":4},"end":{"line":153,"column":5}},{"start":{},"end":{}}],"line":149},"19":{"loc":{"start":{"line":160,"column":8},"end":{"line":168,"column":9}},"type":"if","locations":[{"start":{"line":160,"column":8},"end":{"line":168,"column":9}},{"start":{},"end":{}}],"line":160},"20":{"loc":{"start":{"line":162,"column":10},"end":{"line":167,"column":11}},"type":"if","locations":[{"start":{"line":162,"column":10},"end":{"line":167,"column":11}},{"start":{},"end":{}}],"line":162},"21":{"loc":{"start":{"line":162,"column":14},"end":{"line":162,"column":67}},"type":"binary-expr","locations":[{"start":{"line":162,"column":14},"end":{"line":162,"column":19}},{"start":{"line":162,"column":23},"end":{"line":162,"column":67}}],"line":162},"22":{"loc":{"start":{"line":225,"column":10},"end":{"line":228,"column":38}},"type":"binary-expr","locations":[{"start":{"line":225,"column":10},"end":{"line":225,"column":36}},{"start":{"line":226,"column":10},"end":{"line":226,"column":42}},{"start":{"line":227,"column":10},"end":{"line":227,"column":39}},{"start":{"line":228,"column":10},"end":{"line":228,"column":38}}],"line":225},"23":{"loc":{"start":{"line":231,"column":41},"end":{"line":231,"column":76}},"type":"cond-expr","locations":[{"start":{"line":231,"column":56},"end":{"line":231,"column":65}},{"start":{"line":231,"column":68},"end":{"line":231,"column":76}}],"line":231},"24":{"loc":{"start":{"line":234,"column":8},"end":{"line":237,"column":9}},"type":"if","locations":[{"start":{"line":234,"column":8},"end":{"line":237,"column":9}},{"start":{},"end":{}}],"line":234},"25":{"loc":{"start":{"line":246,"column":4},"end":{"line":266,"column":5}},"type":"if","locations":[{"start":{"line":246,"column":4},"end":{"line":266,"column":5}},{"start":{},"end":{}}],"line":246},"26":{"loc":{"start":{"line":253,"column":8},"end":{"line":256,"column":36}},"type":"binary-expr","locations":[{"start":{"line":253,"column":8},"end":{"line":253,"column":34}},{"start":{"line":254,"column":8},"end":{"line":254,"column":40}},{"start":{"line":255,"column":8},"end":{"line":255,"column":37}},{"start":{"line":256,"column":8},"end":{"line":256,"column":36}}],"line":253},"27":{"loc":{"start":{"line":259,"column":6},"end":{"line":261,"column":7}},"type":"if","locations":[{"start":{"line":259,"column":6},"end":{"line":261,"column":7}},{"start":{},"end":{}}],"line":259},"28":{"loc":{"start":{"line":274,"column":4},"end":{"line":277,"column":5}},"type":"if","locations":[{"start":{"line":274,"column":4},"end":{"line":277,"column":5}},{"start":{},"end":{}}],"line":274},"29":{"loc":{"start":{"line":291,"column":4},"end":{"line":293,"column":5}},"type":"if","locations":[{"start":{"line":291,"column":4},"end":{"line":293,"column":5}},{"start":{},"end":{}}],"line":291},"30":{"loc":{"start":{"line":299,"column":4},"end":{"line":302,"column":5}},"type":"if","locations":[{"start":{"line":299,"column":4},"end":{"line":302,"column":5}},{"start":{},"end":{}}],"line":299},"31":{"loc":{"start":{"line":306,"column":2},"end":{"line":310,"column":3}},"type":"if","locations":[{"start":{"line":306,"column":2},"end":{"line":310,"column":3}},{"start":{"line":308,"column":9},"end":{"line":310,"column":3}}],"line":306}},"s":{"0":0,"1":0,"2":0,"3":0,"4":0,"5":0,"6":0,"7":0,"8":0,"9":0,"10":0,"11":0,"12":0,"13":0,"14":0,"15":0,"16":0,"17":0,"18":0,"19":0,"20":0,"21":0,"22":0,"23":0,"24":0,"25":0,"26":0,"27":0,"28":0,"29":0,"30":0,"31":0,"32":0,"33":0,"34":0,"35":0,"36":0,"37":0,"38":0,"39":0,"40":0,"41":0,"42":0,"43":0,"44":0,"45":0,"46":0,"47":0,"48":0,"49":0,"50":0,"51":0,"52":0,"53":0,"54":0,"55":0,"56":0,"57":0,"58":0,"59":0,"60":0,"61":0,"62":0,"63":0,"64":0,"65":0,"66":0,"67":0,"68":0,"69":0,"70":0,"71":0,"72":0,"73":0,"74":0,"75":0,"76":0,"77":0,"78":0,"79":0,"80":0,"81":0,"82":0,"83":0,"84":0,"85":0,"86":0,"87":0,"88":0,"89":0,"90":0,"91":0,"92":0,"93":0,"94":0,"95":0,"96":0,"97":0,"98":0,"99":0,"100":0,"101":0,"102":0,"103":0,"104":0,"105":0,"106":0,"107":0,"108":0,"109":0,"110":0,"111":0,"112":0,"113":0,"114":0,"115":0,"116":0,"117":0,"118":0,"119":0,"120":0,"121":0,"122":0,"123":0,"124":0,"125":0,"126":0,"127":0,"128":0,"129":0,"130":0,"131":0,"132":0,"133":0,"134":0,"135":0,"136":0,"137":0,"138":0},"f":{"0":0,"1":0,"2":0,"3":0,"4":0,"5":0,"6":0,"7":0,"8":0,"9":0,"10":0,"11":0,"12":0,"13":0,"14":0,"15":0,"16":0,"17":0,"18":0,"19":0,"20":0,"21":0,"22":0,"23":0,"24":0,"25":0,"26":0},"b":{"0":[0,0],"1":[0,0],"2":[0,0],"3":[0,0,0,0],"4":[0,0],"5":[0,0],"6":[0,0],"7":[0,0],"8":[0,0],"9":[0,0],"10":[0,0],"11":[0,0],"12":[0,0],"13":[0,0],"14":[0,0],"15":[0,0],"16":[0,0],"17":[0,0],"18":[0,0],"19":[0,0],"20":[0,0],"21":[0,0],"22":[0,0,0,0],"23":[0,0],"24":[0,0],"25":[0,0],"26":[0,0,0,0],"27":[0,0],"28":[0,0],"29":[0,0],"30":[0,0],"31":[0,0]}}
,"C:\\Users\\skate\\hianime\\popup.js": {"path":"C:\\Users\\skate\\hianime\\popup.js","statementMap":{"0":{"start":{"line":3,"column":15},"end":{"line":3,"column":54}},"1":{"start":{"line":6,"column":0},"end":{"line":8,"column":3}},"2":{"start":{"line":7,"column":2},"end":{"line":7,"column":44}},"3":{"start":{"line":11,"column":0},"end":{"line":13,"column":3}},"4":{"start":{"line":12,"column":2},"end":{"line":12,"column":57}}},"fnMap":{"0":{"name":"(anonymous_0)","decl":{"start":{"line":6,"column":39},"end":{"line":6,"column":40}},"loc":{"start":{"line":6,"column":51},"end":{"line":8,"column":1}},"line":6},"1":{"name":"(anonymous_1)","decl":{"start":{"line":11,"column":34},"end":{"line":11,"column":35}},"loc":{"start":{"line":11,"column":40},"end":{"line":13,"column":1}},"line":11}},"branchMap":{},"s":{"0":0,"1":0,"2":0,"3":0,"4":0},"f":{"0":0,"1":0},"b":{}}
}
