TN:
SF:content.js
FN:4,(anonymous_0)
FN:12,log
FN:19,findVideoPlayer
FN:40,triggerFullscreen
FN:101,(anonymous_4)
FN:104,(anonymous_5)
FN:127,onVideoSourceChange
FN:139,(anonymous_7)
FN:146,onVideoPlay
FN:150,(anonymous_9)
FN:157,setupMutationObserver
FN:158,(anonymous_11)
FN:179,onVideoEnded
FN:184,(anonymous_13)
FN:189,(anonymous_14)
FN:196,attachVideoListeners
FN:199,(anonymous_16)
FN:203,(anonymous_17)
FN:207,(anonymous_18)
FN:214,setupFullscreenMonitor
FN:222,(anonymous_20)
FN:223,(anonymous_21)
FN:244,checkUrlChange
FN:270,init
FN:280,(anonymous_24)
FN:290,(anonymous_25)
FN:298,(anonymous_26)
FNF:27
FNH:0
FNDA:0,(anonymous_0)
FNDA:0,log
FNDA:0,findVideoPlayer
FNDA:0,triggerFullscreen
FNDA:0,(anonymous_4)
FNDA:0,(anonymous_5)
FNDA:0,onVideoSourceChange
FNDA:0,(anonymous_7)
FNDA:0,onVideoPlay
FNDA:0,(anonymous_9)
FNDA:0,setupMutationObserver
FNDA:0,(anonymous_11)
FNDA:0,onVideoEnded
FNDA:0,(anonymous_13)
FNDA:0,(anonymous_14)
FNDA:0,attachVideoListeners
FNDA:0,(anonymous_16)
FNDA:0,(anonymous_17)
FNDA:0,(anonymous_18)
FNDA:0,setupFullscreenMonitor
FNDA:0,(anonymous_20)
FNDA:0,(anonymous_21)
FNDA:0,checkUrlChange
FNDA:0,init
FNDA:0,(anonymous_24)
FNDA:0,(anonymous_25)
FNDA:0,(anonymous_26)
DA:4,0
DA:7,0
DA:8,0
DA:9,0
DA:10,0
DA:13,0
DA:14,0
DA:21,0
DA:29,0
DA:30,0
DA:31,0
DA:32,0
DA:33,0
DA:36,0
DA:41,0
DA:42,0
DA:43,0
DA:47,0
DA:54,0
DA:55,0
DA:56,0
DA:57,0
DA:60,0
DA:63,0
DA:72,0
DA:73,0
DA:74,0
DA:75,0
DA:76,0
DA:77,0
DA:81,0
DA:82,0
DA:83,0
DA:84,0
DA:87,0
DA:88,0
DA:89,0
DA:91,0
DA:92,0
DA:95,0
DA:99,0
DA:100,0
DA:101,0
DA:102,0
DA:103,0
DA:105,0
DA:107,0
DA:108,0
DA:109,0
DA:110,0
DA:111,0
DA:112,0
DA:113,0
DA:114,0
DA:115,0
DA:118,0
DA:121,0
DA:128,0
DA:129,0
DA:131,0
DA:133,0
DA:134,0
DA:135,0
DA:136,0
DA:139,0
DA:140,0
DA:147,0
DA:149,0
DA:150,0
DA:151,0
DA:158,0
DA:159,0
DA:160,0
DA:161,0
DA:162,0
DA:163,0
DA:164,0
DA:165,0
DA:166,0
DA:172,0
DA:180,0
DA:181,0
DA:184,0
DA:185,0
DA:189,0
DA:190,0
DA:191,0
DA:197,0
DA:198,0
DA:199,0
DA:200,0
DA:201,0
DA:203,0
DA:204,0
DA:205,0
DA:207,0
DA:208,0
DA:209,0
DA:215,0
DA:222,0
DA:223,0
DA:224,0
DA:231,0
DA:234,0
DA:235,0
DA:236,0
DA:243,0
DA:245,0
DA:246,0
DA:247,0
DA:248,0
DA:252,0
DA:259,0
DA:260,0
DA:262,0
DA:265,0
DA:271,0
DA:273,0
DA:274,0
DA:275,0
DA:276,0
DA:280,0
DA:281,0
DA:282,0
DA:285,0
DA:286,0
DA:290,0
DA:291,0
DA:292,0
DA:294,0
DA:298,0
DA:299,0
DA:300,0
DA:301,0
DA:306,0
DA:307,0
DA:309,0
DA:312,0
LF:138
LH:0
BRDA:13,0,0,0
BRDA:13,0,1,0
BRDA:31,1,0,0
BRDA:31,1,1,0
BRDA:41,2,0,0
BRDA:41,2,1,0
BRDA:48,3,0,0
BRDA:48,3,1,0
BRDA:48,3,2,0
BRDA:48,3,3,0
BRDA:54,4,0,0
BRDA:54,4,1,0
BRDA:75,5,0,0
BRDA:75,5,1,0
BRDA:81,6,0,0
BRDA:81,6,1,0
BRDA:88,7,0,0
BRDA:88,7,1,0
BRDA:89,8,0,0
BRDA:89,8,1,0
BRDA:91,9,0,0
BRDA:91,9,1,0
BRDA:100,10,0,0
BRDA:100,10,1,0
BRDA:107,11,0,0
BRDA:107,11,1,0
BRDA:110,12,0,0
BRDA:110,12,1,0
BRDA:113,13,0,0
BRDA:113,13,1,0
BRDA:129,14,0,0
BRDA:129,14,1,0
BRDA:131,15,0,0
BRDA:131,15,1,0
BRDA:133,16,0,0
BRDA:133,16,1,0
BRDA:133,17,0,0
BRDA:133,17,1,0
BRDA:149,18,0,0
BRDA:149,18,1,0
BRDA:160,19,0,0
BRDA:160,19,1,0
BRDA:162,20,0,0
BRDA:162,20,1,0
BRDA:162,21,0,0
BRDA:162,21,1,0
BRDA:225,22,0,0
BRDA:225,22,1,0
BRDA:225,22,2,0
BRDA:225,22,3,0
BRDA:231,23,0,0
BRDA:231,23,1,0
BRDA:234,24,0,0
BRDA:234,24,1,0
BRDA:246,25,0,0
BRDA:246,25,1,0
BRDA:253,26,0,0
BRDA:253,26,1,0
BRDA:253,26,2,0
BRDA:253,26,3,0
BRDA:259,27,0,0
BRDA:259,27,1,0
BRDA:274,28,0,0
BRDA:274,28,1,0
BRDA:291,29,0,0
BRDA:291,29,1,0
BRDA:299,30,0,0
BRDA:299,30,1,0
BRDA:306,31,0,0
BRDA:306,31,1,0
BRF:70
BRH:0
end_of_record
TN:
SF:popup.js
FN:6,(anonymous_0)
FN:11,(anonymous_1)
FNF:2
FNH:0
FNDA:0,(anonymous_0)
FNDA:0,(anonymous_1)
DA:3,0
DA:6,0
DA:7,0
DA:11,0
DA:12,0
LF:5
LH:0
BRF:0
BRH:0
end_of_record
